<?xml version="1.0" encoding="UTF-8"?>
<coverage generated="1488087848430" clover="3.2.0">
  <project timestamp="1488087848430" name="All files">
    <metrics statements="58" coveredstatements="18" conditionals="31" coveredconditionals="6" methods="8" coveredmethods="2" elements="97" coveredelements="26" complexity="0" loc="58" ncloc="58" packages="2" files="6" classes="6">
      <package name="constants">
        <metrics statements="0" coveredstatements="0" conditionals="0" coveredconditionals="0" methods="0" coveredmethods="0"/>
        <file name="index.js" path="/Users/dankwon/Desktop/Velocity360/fs360/src/constants/index.js">
          <metrics statements="0" coveredstatements="0" conditionals="0" coveredconditionals="0" methods="0" coveredmethods="0"/>
        </file>
      </package>
      <package name="reducers">
        <metrics statements="58" coveredstatements="18" conditionals="31" coveredconditionals="6" methods="8" coveredmethods="2"/>
        <file name="accountReducer.js" path="/Users/dankwon/Desktop/Velocity360/fs360/src/reducers/accountReducer.js">
          <metrics statements="10" coveredstatements="1" conditionals="4" coveredconditionals="0" methods="1" coveredmethods="0"/>
          <line num="3" count="1" type="stmt"/>
          <line num="8" count="0" type="stmt"/>
          <line num="9" count="0" type="stmt"/>
          <line num="11" count="0" type="stmt"/>
          <line num="13" count="0" type="stmt"/>
          <line num="14" count="0" type="stmt"/>
          <line num="15" count="0" type="stmt"/>
          <line num="18" count="0" type="stmt"/>
          <line num="19" count="0" type="stmt"/>
          <line num="22" count="0" type="stmt"/>
        </file>
        <file name="courseReducer.js" path="/Users/dankwon/Desktop/Velocity360/fs360/src/reducers/courseReducer.js">
          <metrics statements="16" coveredstatements="1" conditionals="11" coveredconditionals="0" methods="3" coveredmethods="0"/>
          <line num="3" count="1" type="stmt"/>
          <line num="8" count="0" type="stmt"/>
          <line num="9" count="0" type="stmt"/>
          <line num="11" count="0" type="stmt"/>
          <line num="13" count="0" type="stmt"/>
          <line num="14" count="0" type="stmt"/>
          <line num="15" count="0" type="stmt"/>
          <line num="16" count="0" type="stmt"/>
          <line num="17" count="0" type="stmt"/>
          <line num="21" count="0" type="stmt"/>
          <line num="22" count="0" type="stmt"/>
          <line num="23" count="0" type="stmt"/>
          <line num="25" count="0" type="stmt"/>
          <line num="26" count="0" type="stmt"/>
          <line num="30" count="0" type="stmt"/>
          <line num="33" count="0" type="stmt"/>
        </file>
        <file name="index.js" path="/Users/dankwon/Desktop/Velocity360/fs360/src/reducers/index.js">
          <metrics statements="0" coveredstatements="0" conditionals="0" coveredconditionals="0" methods="0" coveredmethods="0"/>
        </file>
        <file name="sessionReducer.js" path="/Users/dankwon/Desktop/Velocity360/fs360/src/reducers/sessionReducer.js">
          <metrics statements="8" coveredstatements="1" conditionals="4" coveredconditionals="0" methods="1" coveredmethods="0"/>
          <line num="3" count="1" type="stmt"/>
          <line num="10" count="0" type="stmt"/>
          <line num="12" count="0" type="stmt"/>
          <line num="14" count="0" type="stmt"/>
          <line num="15" count="0" type="stmt"/>
          <line num="18" count="0" type="stmt"/>
          <line num="19" count="0" type="stmt"/>
          <line num="22" count="0" type="stmt"/>
        </file>
        <file name="tutorialReducer.js" path="/Users/dankwon/Desktop/Velocity360/fs360/src/reducers/tutorialReducer.js">
          <metrics statements="24" coveredstatements="15" conditionals="12" coveredconditionals="6" methods="3" coveredmethods="2"/>
          <line num="3" count="1" type="stmt"/>
          <line num="8" count="2" type="stmt"/>
          <line num="9" count="2" type="stmt"/>
          <line num="11" count="2" type="stmt"/>
          <line num="14" count="1" type="stmt"/>
          <line num="15" count="1" type="stmt"/>
          <line num="16" count="1" type="stmt"/>
          <line num="17" count="1" type="stmt"/>
          <line num="18" count="1" type="stmt"/>
          <line num="20" count="1" type="stmt"/>
          <line num="21" count="1" type="stmt"/>
          <line num="22" count="1" type="stmt"/>
          <line num="26" count="1" type="stmt"/>
          <line num="27" count="1" type="stmt"/>
          <line num="30" count="0" type="stmt"/>
          <line num="31" count="0" type="stmt"/>
          <line num="33" count="0" type="stmt"/>
          <line num="34" count="0" type="stmt"/>
          <line num="35" count="0" type="stmt"/>
          <line num="36" count="0" type="stmt"/>
          <line num="38" count="0" type="stmt"/>
          <line num="41" count="0" type="stmt"/>
          <line num="42" count="0" type="stmt"/>
          <line num="45" count="1" type="stmt"/>
        </file>
      </package>
    </metrics>
  </project>
</coverage>
