{"/Users/dankwon/Desktop/Velocity360/fs360/src/constants/index.js": {"path":"/Users/dankwon/Desktop/Velocity360/fs360/src/constants/index.js","statementMap":{},"fnMap":{},"branchMap":{},"s":{},"f":{},"b":{},"_coverageSchema":"332fd63041d2c1bcb487cc26dd0d5f7d97098a6c","hash":"bd91e46a88c69817a0c1e5c9299bd9f85e8a42ce"}
,"/Users/dankwon/Desktop/Velocity360/fs360/src/reducers/accountReducer.js": {"path":"/Users/dankwon/Desktop/Velocity360/fs360/src/reducers/accountReducer.js","statementMap":{"0":{"start":{"line":3,"column":19},"end":{"line":5,"column":1}},"1":{"start":{"line":8,"column":16},"end":{"line":8,"column":40}},"2":{"start":{"line":9,"column":19},"end":{"line":9,"column":58}},"3":{"start":{"line":11,"column":1},"end":{"line":23,"column":2}},"4":{"start":{"line":13,"column":3},"end":{"line":13,"column":72}},"5":{"start":{"line":14,"column":3},"end":{"line":14,"column":43}},"6":{"start":{"line":15,"column":3},"end":{"line":15,"column":18}},"7":{"start":{"line":18,"column":3},"end":{"line":18,"column":43}},"8":{"start":{"line":19,"column":3},"end":{"line":19,"column":18}},"9":{"start":{"line":22,"column":3},"end":{"line":22,"column":15}}},"fnMap":{"0":{"name":"(anonymous_0)","decl":{"start":{"line":7,"column":15},"end":{"line":7,"column":16}},"loc":{"start":{"line":7,"column":49},"end":{"line":24,"column":1}}}},"branchMap":{"0":{"loc":{"start":{"line":7,"column":16},"end":{"line":7,"column":36}},"type":"default-arg","locations":[{"start":{"line":7,"column":24},"end":{"line":7,"column":36}}]},"1":{"loc":{"start":{"line":11,"column":1},"end":{"line":23,"column":2}},"type":"switch","locations":[{"start":{"line":12,"column":2},"end":{"line":15,"column":18}},{"start":{"line":17,"column":2},"end":{"line":19,"column":18}},{"start":{"line":21,"column":2},"end":{"line":22,"column":15}}]}},"s":{"0":1,"1":0,"2":0,"3":0,"4":0,"5":0,"6":0,"7":0,"8":0,"9":0},"f":{"0":0},"b":{"0":[0],"1":[0,0,0]},"_coverageSchema":"332fd63041d2c1bcb487cc26dd0d5f7d97098a6c","hash":"c92c705ccca966c3b74d77ac6e180f52c062eea7"}
,"/Users/dankwon/Desktop/Velocity360/fs360/src/reducers/courseReducer.js": {"path":"/Users/dankwon/Desktop/Velocity360/fs360/src/reducers/courseReducer.js","statementMap":{"0":{"start":{"line":3,"column":19},"end":{"line":5,"column":1}},"1":{"start":{"line":8,"column":16},"end":{"line":8,"column":40}},"2":{"start":{"line":9,"column":19},"end":{"line":9,"column":66}},"3":{"start":{"line":11,"column":1},"end":{"line":34,"column":2}},"4":{"start":{"line":13,"column":3},"end":{"line":19,"column":5}},"5":{"start":{"line":14,"column":4},"end":{"line":18,"column":5}},"6":{"start":{"line":15,"column":5},"end":{"line":15,"column":33}},"7":{"start":{"line":16,"column":5},"end":{"line":16,"column":35}},"8":{"start":{"line":17,"column":5},"end":{"line":17,"column":29}},"9":{"start":{"line":21,"column":3},"end":{"line":21,"column":32}},"10":{"start":{"line":22,"column":3},"end":{"line":23,"column":19}},"11":{"start":{"line":23,"column":4},"end":{"line":23,"column":19}},"12":{"start":{"line":25,"column":3},"end":{"line":28,"column":5}},"13":{"start":{"line":26,"column":16},"end":{"line":26,"column":71}},"14":{"start":{"line":30,"column":3},"end":{"line":30,"column":18}},"15":{"start":{"line":33,"column":3},"end":{"line":33,"column":15}}},"fnMap":{"0":{"name":"(anonymous_0)","decl":{"start":{"line":7,"column":15},"end":{"line":7,"column":16}},"loc":{"start":{"line":7,"column":49},"end":{"line":36,"column":1}}},"1":{"name":"(anonymous_1)","decl":{"start":{"line":13,"column":26},"end":{"line":13,"column":27}},"loc":{"start":{"line":13,"column":41},"end":{"line":19,"column":4}}},"2":{"name":"(anonymous_2)","decl":{"start":{"line":25,"column":16},"end":{"line":25,"column":17}},"loc":{"start":{"line":25,"column":28},"end":{"line":28,"column":4}}}},"branchMap":{"0":{"loc":{"start":{"line":7,"column":16},"end":{"line":7,"column":36}},"type":"default-arg","locations":[{"start":{"line":7,"column":24},"end":{"line":7,"column":36}}]},"1":{"loc":{"start":{"line":9,"column":19},"end":{"line":9,"column":66}},"type":"cond-expr","locations":[{"start":{"line":9,"column":33},"end":{"line":9,"column":61}},{"start":{"line":9,"column":64},"end":{"line":9,"column":66}}]},"2":{"loc":{"start":{"line":11,"column":1},"end":{"line":34,"column":2}},"type":"switch","locations":[{"start":{"line":12,"column":2},"end":{"line":30,"column":18}},{"start":{"line":32,"column":2},"end":{"line":33,"column":15}}]},"3":{"loc":{"start":{"line":14,"column":4},"end":{"line":18,"column":5}},"type":"if","locations":[{"start":{"line":14,"column":4},"end":{"line":18,"column":5}},{"start":{"line":14,"column":4},"end":{"line":18,"column":5}}]},"4":{"loc":{"start":{"line":22,"column":3},"end":{"line":23,"column":19}},"type":"if","locations":[{"start":{"line":22,"column":3},"end":{"line":23,"column":19}},{"start":{"line":22,"column":3},"end":{"line":23,"column":19}}]},"5":{"loc":{"start":{"line":26,"column":16},"end":{"line":26,"column":71}},"type":"cond-expr","locations":[{"start":{"line":26,"column":34},"end":{"line":26,"column":66}},{"start":{"line":26,"column":69},"end":{"line":26,"column":71}}]}},"s":{"0":1,"1":0,"2":0,"3":0,"4":0,"5":0,"6":0,"7":0,"8":0,"9":0,"10":0,"11":0,"12":0,"13":0,"14":0,"15":0},"f":{"0":0,"1":0,"2":0},"b":{"0":[0],"1":[0,0],"2":[0,0],"3":[0,0],"4":[0,0],"5":[0,0]},"_coverageSchema":"332fd63041d2c1bcb487cc26dd0d5f7d97098a6c","hash":"45175f82b73fe63ca8bfce09b07dcac2e745ba69"}
,"/Users/dankwon/Desktop/Velocity360/fs360/src/reducers/index.js": {"path":"/Users/dankwon/Desktop/Velocity360/fs360/src/reducers/index.js","statementMap":{},"fnMap":{},"branchMap":{},"s":{},"f":{},"b":{},"_coverageSchema":"332fd63041d2c1bcb487cc26dd0d5f7d97098a6c","hash":"8090151579f55b9f0346e13cba7cfcb66864e2ae"}
,"/Users/dankwon/Desktop/Velocity360/fs360/src/reducers/sessionReducer.js": {"path":"/Users/dankwon/Desktop/Velocity360/fs360/src/reducers/sessionReducer.js","statementMap":{"0":{"start":{"line":3,"column":19},"end":{"line":6,"column":1}},"1":{"start":{"line":10,"column":16},"end":{"line":10,"column":40}},"2":{"start":{"line":12,"column":1},"end":{"line":23,"column":2}},"3":{"start":{"line":14,"column":3},"end":{"line":14,"column":45}},"4":{"start":{"line":15,"column":3},"end":{"line":15,"column":18}},"5":{"start":{"line":18,"column":3},"end":{"line":18,"column":43}},"6":{"start":{"line":19,"column":3},"end":{"line":19,"column":18}},"7":{"start":{"line":22,"column":3},"end":{"line":22,"column":15}}},"fnMap":{"0":{"name":"(anonymous_0)","decl":{"start":{"line":9,"column":15},"end":{"line":9,"column":16}},"loc":{"start":{"line":9,"column":49},"end":{"line":25,"column":1}}}},"branchMap":{"0":{"loc":{"start":{"line":9,"column":16},"end":{"line":9,"column":36}},"type":"default-arg","locations":[{"start":{"line":9,"column":24},"end":{"line":9,"column":36}}]},"1":{"loc":{"start":{"line":12,"column":1},"end":{"line":23,"column":2}},"type":"switch","locations":[{"start":{"line":13,"column":2},"end":{"line":15,"column":18}},{"start":{"line":17,"column":2},"end":{"line":19,"column":18}},{"start":{"line":21,"column":2},"end":{"line":22,"column":15}}]}},"s":{"0":1,"1":0,"2":0,"3":0,"4":0,"5":0,"6":0,"7":0},"f":{"0":0},"b":{"0":[0],"1":[0,0,0]},"_coverageSchema":"332fd63041d2c1bcb487cc26dd0d5f7d97098a6c","hash":"fdd54eefff54dd8cae2aa17c81d1b133d440817e"}
,"/Users/dankwon/Desktop/Velocity360/fs360/src/reducers/tutorialReducer.js": {"path":"/Users/dankwon/Desktop/Velocity360/fs360/src/reducers/tutorialReducer.js","statementMap":{"0":{"start":{"line":3,"column":19},"end":{"line":5,"column":1}},"1":{"start":{"line":8,"column":16},"end":{"line":8,"column":40}},"2":{"start":{"line":9,"column":19},"end":{"line":9,"column":66}},"3":{"start":{"line":11,"column":1},"end":{"line":46,"column":2}},"4":{"start":{"line":14,"column":3},"end":{"line":24,"column":5}},"5":{"start":{"line":15,"column":4},"end":{"line":23,"column":5}},"6":{"start":{"line":16,"column":5},"end":{"line":16,"column":37}},"7":{"start":{"line":17,"column":5},"end":{"line":17,"column":39}},"8":{"start":{"line":18,"column":5},"end":{"line":18,"column":31}},"9":{"start":{"line":20,"column":16},"end":{"line":20,"column":99}},"10":{"start":{"line":21,"column":5},"end":{"line":21,"column":24}},"11":{"start":{"line":22,"column":5},"end":{"line":22,"column":39}},"12":{"start":{"line":26,"column":3},"end":{"line":26,"column":32}},"13":{"start":{"line":27,"column":3},"end":{"line":27,"column":18}},"14":{"start":{"line":30,"column":3},"end":{"line":30,"column":49}},"15":{"start":{"line":31,"column":3},"end":{"line":31,"column":51}},"16":{"start":{"line":33,"column":15},"end":{"line":33,"column":17}},"17":{"start":{"line":34,"column":3},"end":{"line":39,"column":5}},"18":{"start":{"line":35,"column":4},"end":{"line":38,"column":25}},"19":{"start":{"line":36,"column":5},"end":{"line":36,"column":32}},"20":{"start":{"line":38,"column":5},"end":{"line":38,"column":25}},"21":{"start":{"line":41,"column":3},"end":{"line":41,"column":26}},"22":{"start":{"line":42,"column":3},"end":{"line":42,"column":18}},"23":{"start":{"line":45,"column":3},"end":{"line":45,"column":15}}},"fnMap":{"0":{"name":"(anonymous_0)","decl":{"start":{"line":7,"column":15},"end":{"line":7,"column":16}},"loc":{"start":{"line":7,"column":49},"end":{"line":48,"column":1}}},"1":{"name":"(anonymous_1)","decl":{"start":{"line":14,"column":28},"end":{"line":14,"column":29}},"loc":{"start":{"line":14,"column":45},"end":{"line":24,"column":4}}},"2":{"name":"(anonymous_2)","decl":{"start":{"line":34,"column":23},"end":{"line":34,"column":24}},"loc":{"start":{"line":34,"column":40},"end":{"line":39,"column":4}}}},"branchMap":{"0":{"loc":{"start":{"line":7,"column":16},"end":{"line":7,"column":36}},"type":"default-arg","locations":[{"start":{"line":7,"column":24},"end":{"line":7,"column":36}}]},"1":{"loc":{"start":{"line":9,"column":19},"end":{"line":9,"column":66}},"type":"cond-expr","locations":[{"start":{"line":9,"column":33},"end":{"line":9,"column":61}},{"start":{"line":9,"column":64},"end":{"line":9,"column":66}}]},"2":{"loc":{"start":{"line":11,"column":1},"end":{"line":46,"column":2}},"type":"switch","locations":[{"start":{"line":12,"column":2},"end":{"line":27,"column":18}},{"start":{"line":29,"column":2},"end":{"line":42,"column":18}},{"start":{"line":44,"column":2},"end":{"line":45,"column":15}}]},"3":{"loc":{"start":{"line":15,"column":4},"end":{"line":23,"column":5}},"type":"if","locations":[{"start":{"line":15,"column":4},"end":{"line":23,"column":5}},{"start":{"line":15,"column":4},"end":{"line":23,"column":5}}]},"4":{"loc":{"start":{"line":20,"column":16},"end":{"line":20,"column":99}},"type":"cond-expr","locations":[{"start":{"line":20,"column":48},"end":{"line":20,"column":94}},{"start":{"line":20,"column":97},"end":{"line":20,"column":99}}]},"5":{"loc":{"start":{"line":35,"column":4},"end":{"line":38,"column":25}},"type":"if","locations":[{"start":{"line":35,"column":4},"end":{"line":38,"column":25}},{"start":{"line":35,"column":4},"end":{"line":38,"column":25}}]}},"s":{"0":1,"1":2,"2":2,"3":2,"4":1,"5":1,"6":1,"7":1,"8":1,"9":1,"10":1,"11":1,"12":1,"13":1,"14":0,"15":0,"16":0,"17":0,"18":0,"19":0,"20":0,"21":0,"22":0,"23":1},"f":{"0":2,"1":1,"2":0},"b":{"0":[2],"1":[0,2],"2":[1,0,1],"3":[1,0],"4":[0,1],"5":[0,0]},"_coverageSchema":"332fd63041d2c1bcb487cc26dd0d5f7d97098a6c","hash":"aff745d417129e25acadbd0328b6fd72cf0d45cc"}
}
